Microsoft (R) Help Compiler
HCRTF 4.03.0002
Copyright (c) Microsoft Corp 1990 - 1995. All rights reserved.
bhmdata.hpj
    HC1002: Note: 
	Using existing phrase table: BHMData.ph.
    HC1010: Note: 
	The following mapped Topic IDs were not used in any topic:
	HIDD_DIALOG_ADDCOLUMN
	HIDD_PROPPAGE_BHMRICHGRID_COLUMN
	HIDD_PROPPAGE_BHMRICHGRID_GROUP
	HIDD_PROPPAGE_BHMDBCOMBO
	HIDD_PROPPAGE_BHMDBDROPDOWN
	HIDD_DIALOG_GRIDINPUT
	HIDD_DIALOG_FIELDS
	HIDD_PROPPAGE_BHMDBGRID
3	Topics
0	Jumps
0	Keywords
1	Bitmap


Created C:\wxz\BHMData\BHMData.hlp, 6,508 bytes
Phrase+Zeck compression decreased help file by 72 bytes.
Compile time: 0 minutes, 0 seconds
2 notes, 0 warnings
